2019-12-24 17:10:47,997 - BrowserEngine - INFO - you had select Chrome browser.
2019-12-24 17:10:47,997 - BrowserEngine - INFO - The test URL is: http://bing.com
2019-12-24 17:10:56,303 - BrowserEngine - INFO - Open url: http://bing.com
2019-12-24 17:10:56,306 - BrowserEngine - INFO - Set implicitly wait 10 seconds.
2019-12-24 17:10:56,412 - BasePage - INFO - Had find the element ' 学术 ' successful by xpath via value: //*[@id="scpl2"] 
2019-12-24 17:10:56,422 - BasePage - INFO - The element ' 学术 ' was clicked.
2019-12-24 17:10:59,407 - BasePage - INFO - Sleep for 2 seconds
2019-12-24 17:11:02,751 - BrowserEngine - INFO - you had select Chrome browser.
2019-12-24 17:11:02,752 - BrowserEngine - INFO - The test URL is: http://bing.com
2019-12-24 17:11:07,232 - BrowserEngine - INFO - Open url: http://bing.com
2019-12-24 17:11:07,236 - BrowserEngine - INFO - Set implicitly wait 10 seconds.
2019-12-24 17:11:07,404 - BasePage - INFO - Had find the element ' 地图 ' successful by xpath via value: //*[@id="scpl4"] 
2019-12-24 17:11:07,485 - BasePage - INFO - The element ' 地图 ' was clicked.
2019-12-24 17:11:12,663 - BasePage - INFO - Sleep for 2 seconds
2019-12-24 17:11:15,889 - BrowserEngine - INFO - you had select Chrome browser.
2019-12-24 17:11:15,889 - BrowserEngine - INFO - The test URL is: http://bing.com
2019-12-24 17:11:19,260 - BrowserEngine - INFO - Open url: http://bing.com
2019-12-24 17:11:19,261 - BrowserEngine - INFO - Set implicitly wait 10 seconds.
2019-12-24 17:11:19,318 - BasePage - INFO - Had find the element '  ' successful by xpath via value: //*[@id="sb_form_q"] 
2019-12-24 17:11:19,769 - BasePage - INFO - Had type ' selenium ' in inputBox
2019-12-24 17:11:20,215 - BasePage - INFO - Had find the element '  ' successful by xpath via value: //*[@id="sb_form_q"] 
2019-12-24 17:11:20,222 - BasePage - INFO - Clear text in input box before typing.
2019-12-24 17:11:20,319 - BasePage - INFO - Had find the element ' 国际版 ' successful by id via value: est_en 
2019-12-24 17:11:20,361 - BasePage - INFO - The element ' 国际版 ' was clicked.
2019-12-24 17:11:21,103 - BasePage - INFO - Had find the element '  ' successful by xpath via value: //*[@id="sb_form_q"] 
2019-12-24 17:11:21,251 - BasePage - INFO - Had type ' python ' in inputBox
2019-12-24 17:11:21,330 - BasePage - INFO - Had find the element '  ' successful by xpath via value: /html/body/table/tbody/tr/td/div/div[2]/div[3]/form/div/div[1]/input 
2019-12-24 17:11:21,348 - BasePage - INFO - The element '  ' was clicked.
