2019-12-24 17:09:15,003 - BrowserEngine - INFO - you had select Chrome browser.
2019-12-24 17:09:15,003 - BrowserEngine - INFO - The test URL is: http://bing.com
2019-12-24 17:09:20,312 - BrowserEngine - INFO - Open url: http://bing.com
2019-12-24 17:09:20,313 - BrowserEngine - INFO - Set implicitly wait 10 seconds.
2019-12-24 17:09:20,352 - BasePage - INFO - Had find the element ' 学术 ' successful by xpath via value: //*[@id="scpl2"] 
2019-12-24 17:09:20,400 - BasePage - INFO - The element ' 学术 ' was clicked.
2019-12-24 17:09:23,471 - BasePage - INFO - Sleep for 2 seconds
2019-12-24 17:09:26,722 - BrowserEngine - INFO - you had select Chrome browser.
2019-12-24 17:09:26,722 - BrowserEngine - INFO - The test URL is: http://bing.com
2019-12-24 17:09:30,202 - BrowserEngine - INFO - Open url: http://bing.com
2019-12-24 17:09:30,214 - BrowserEngine - INFO - Set implicitly wait 10 seconds.
2019-12-24 17:09:30,248 - BasePage - INFO - Had find the element ' 地图 ' successful by xpath via value: //*[@id="scpl4"] 
2019-12-24 17:09:30,256 - BasePage - INFO - The element ' 地图 ' was clicked.
2019-12-24 17:09:41,748 - BasePage - INFO - Sleep for 2 seconds
2019-12-24 17:09:44,881 - BrowserEngine - INFO - you had select Chrome browser.
2019-12-24 17:09:44,881 - BrowserEngine - INFO - The test URL is: http://bing.com
2019-12-24 17:09:50,309 - BrowserEngine - INFO - Open url: http://bing.com
2019-12-24 17:09:50,311 - BrowserEngine - INFO - Set implicitly wait 10 seconds.
2019-12-24 17:09:50,374 - BasePage - INFO - Had find the element '  ' successful by xpath via value: //*[@id="sb_form_q"] 
2019-12-24 17:09:50,487 - BasePage - INFO - Had type ' selenium ' in inputBox
2019-12-24 17:09:50,502 - BasePage - INFO - Had find the element '  ' successful by xpath via value: //*[@id="sb_form_q"] 
2019-12-24 17:09:50,512 - BasePage - INFO - Clear text in input box before typing.
2019-12-24 17:09:50,551 - BasePage - INFO - Had find the element ' 国际版 ' successful by id via value: est_en 
2019-12-24 17:09:50,563 - BasePage - INFO - The element ' 国际版 ' was clicked.
2019-12-24 17:09:56,254 - BasePage - INFO - Had find the element '  ' successful by xpath via value: //*[@id="sb_form_q"] 
2019-12-24 17:09:56,357 - BasePage - INFO - Had type ' python ' in inputBox
2019-12-24 17:09:56,392 - BasePage - INFO - Had find the element '  ' successful by xpath via value: /html/body/table/tbody/tr/td/div/div[2]/div[3]/form/div/div[1]/input 
2019-12-24 17:09:56,408 - BasePage - INFO - The element '  ' was clicked.
