2019-12-18 11:39:43,084 - root - INFO - you had select Chrome browser.
2019-12-18 11:39:43,085 - root - INFO - The test URL is: http://bing.com
2019-12-18 11:39:46,655 - root - INFO - Open url: http://bing.com
2019-12-18 11:39:46,658 - root - INFO - Set implicitly wait 10 seconds.
2019-12-18 11:39:46,748 - BasePage - INFO - Had find the element '  ' successful by xpath via value: //*[@id="sb_form_q"] 
2019-12-18 11:39:46,748 - BasePage - INFO - Had find the element '  ' successful by xpath via value: //*[@id="sb_form_q"] 
2019-12-18 11:39:46,987 - BasePage - INFO - Had type ' selenium ' in inputBox
2019-12-18 11:39:46,987 - BasePage - INFO - Had type ' selenium ' in inputBox
2019-12-18 11:39:47,028 - BasePage - INFO - Had find the element '  ' successful by xpath via value: //*[@id="sb_form_q"] 
2019-12-18 11:39:47,028 - BasePage - INFO - Had find the element '  ' successful by xpath via value: //*[@id="sb_form_q"] 
2019-12-18 11:39:47,042 - BasePage - INFO - Clear text in input box before typing.
2019-12-18 11:39:47,042 - BasePage - INFO - Clear text in input box before typing.
2019-12-18 11:39:47,093 - BasePage - INFO - Had find the element ' 国际版 ' successful by id via value: est_en 
2019-12-18 11:39:47,093 - BasePage - INFO - Had find the element ' 国际版 ' successful by id via value: est_en 
2019-12-18 11:39:47,122 - BasePage - INFO - The element ' 国际版 ' was clicked.
2019-12-18 11:39:47,122 - BasePage - INFO - The element ' 国际版 ' was clicked.
2019-12-18 11:39:49,777 - BasePage - INFO - Had find the element '  ' successful by xpath via value: //*[@id="sb_form_q"] 
2019-12-18 11:39:49,777 - BasePage - INFO - Had find the element '  ' successful by xpath via value: //*[@id="sb_form_q"] 
2019-12-18 11:39:49,959 - BasePage - INFO - Had type ' python ' in inputBox
2019-12-18 11:39:49,959 - BasePage - INFO - Had type ' python ' in inputBox
2019-12-18 11:39:50,026 - BasePage - INFO - Had find the element '  ' successful by xpath via value: /html/body/table/tbody/tr/td/div/div[2]/div[3]/form/div/div[1]/input 
2019-12-18 11:39:50,026 - BasePage - INFO - Had find the element '  ' successful by xpath via value: /html/body/table/tbody/tr/td/div/div[2]/div[3]/form/div/div[1]/input 
2019-12-18 11:39:50,041 - BasePage - INFO - The element '  ' was clicked.
2019-12-18 11:39:50,041 - BasePage - INFO - The element '  ' was clicked.
