2019-12-18 16:47:27,914 - root - INFO - you had select Chrome browser.
2019-12-18 16:47:27,914 - root - INFO - The test URL is: http://bing.com
2019-12-18 16:47:37,778 - root - INFO - Open url: http://bing.com
2019-12-18 16:47:37,831 - root - INFO - Set implicitly wait 10 seconds.
2019-12-18 16:47:38,044 - BasePage - INFO - Had find the element '  ' successful by xpath via value: //*[@id="sb_form_q"] 
2019-12-18 16:47:38,044 - BasePage - INFO - Had find the element '  ' successful by xpath via value: //*[@id="sb_form_q"] 
2019-12-18 16:47:38,471 - BasePage - INFO - Had type ' selenium ' in inputBox
2019-12-18 16:47:38,471 - BasePage - INFO - Had type ' selenium ' in inputBox
2019-12-18 16:47:38,495 - BasePage - INFO - Had find the element '  ' successful by xpath via value: //*[@id="sb_form_q"] 
2019-12-18 16:47:38,495 - BasePage - INFO - Had find the element '  ' successful by xpath via value: //*[@id="sb_form_q"] 
2019-12-18 16:47:38,510 - BasePage - INFO - Clear text in input box before typing.
2019-12-18 16:47:38,510 - BasePage - INFO - Clear text in input box before typing.
2019-12-18 16:47:38,548 - BasePage - INFO - Had find the element ' 国际版 ' successful by id via value: est_en 
2019-12-18 16:47:38,548 - BasePage - INFO - Had find the element ' 国际版 ' successful by id via value: est_en 
2019-12-18 16:47:38,560 - BasePage - INFO - The element ' 国际版 ' was clicked.
2019-12-18 16:47:38,560 - BasePage - INFO - The element ' 国际版 ' was clicked.
2019-12-18 16:47:40,071 - BasePage - INFO - Had find the element '  ' successful by xpath via value: //*[@id="sb_form_q"] 
2019-12-18 16:47:40,071 - BasePage - INFO - Had find the element '  ' successful by xpath via value: //*[@id="sb_form_q"] 
2019-12-18 16:47:40,487 - BasePage - INFO - Had type ' python ' in inputBox
2019-12-18 16:47:40,487 - BasePage - INFO - Had type ' python ' in inputBox
2019-12-18 16:47:40,577 - BasePage - INFO - Had find the element '  ' successful by xpath via value: /html/body/table/tbody/tr/td/div/div[2]/div[3]/form/div/div[1]/input 
2019-12-18 16:47:40,577 - BasePage - INFO - Had find the element '  ' successful by xpath via value: /html/body/table/tbody/tr/td/div/div[2]/div[3]/form/div/div[1]/input 
2019-12-18 16:47:40,691 - BasePage - INFO - The element '  ' was clicked.
2019-12-18 16:47:40,691 - BasePage - INFO - The element '  ' was clicked.
2019-12-18 16:47:49,726 - BasePage - INFO - Had take screenshot and save to folder : /screenshots
2019-12-18 16:47:49,726 - BasePage - INFO - Had take screenshot and save to folder : /screenshots
