2019-12-18 14:47:10,621 - root - INFO - you had select Chrome browser.
2019-12-18 14:47:10,621 - root - INFO - The test URL is: http://bing.com
2019-12-18 14:47:49,658 - root - INFO - Open url: http://bing.com
2019-12-18 14:47:49,660 - root - INFO - Set implicitly wait 10 seconds.
2019-12-18 14:47:56,138 - root - INFO - you had select Chrome browser.
2019-12-18 14:47:56,138 - root - INFO - The test URL is: http://bing.com
2019-12-18 14:48:00,221 - root - INFO - Open url: http://bing.com
2019-12-18 14:48:00,223 - root - INFO - Set implicitly wait 10 seconds.
2019-12-18 14:48:00,267 - BasePage - INFO - Had find the element '  ' successful by xpath via value: //*[@id="sb_form_q"] 
2019-12-18 14:48:00,267 - BasePage - INFO - Had find the element '  ' successful by xpath via value: //*[@id="sb_form_q"] 
2019-12-18 14:48:00,504 - BasePage - INFO - Had type ' selenium ' in inputBox
2019-12-18 14:48:00,504 - BasePage - INFO - Had type ' selenium ' in inputBox
2019-12-18 14:48:00,531 - BasePage - INFO - Had find the element '  ' successful by xpath via value: //*[@id="sb_form_q"] 
2019-12-18 14:48:00,531 - BasePage - INFO - Had find the element '  ' successful by xpath via value: //*[@id="sb_form_q"] 
2019-12-18 14:48:00,556 - BasePage - INFO - Clear text in input box before typing.
2019-12-18 14:48:00,556 - BasePage - INFO - Clear text in input box before typing.
2019-12-18 14:48:00,629 - BasePage - INFO - Had find the element ' 国际版 ' successful by id via value: est_en 
2019-12-18 14:48:00,629 - BasePage - INFO - Had find the element ' 国际版 ' successful by id via value: est_en 
2019-12-18 14:48:00,657 - BasePage - INFO - The element ' 国际版 ' was clicked.
2019-12-18 14:48:00,657 - BasePage - INFO - The element ' 国际版 ' was clicked.
2019-12-18 14:48:03,597 - BasePage - INFO - Had find the element '  ' successful by xpath via value: //*[@id="sb_form_q"] 
2019-12-18 14:48:03,597 - BasePage - INFO - Had find the element '  ' successful by xpath via value: //*[@id="sb_form_q"] 
2019-12-18 14:48:03,854 - BasePage - INFO - Had type ' python ' in inputBox
2019-12-18 14:48:03,854 - BasePage - INFO - Had type ' python ' in inputBox
2019-12-18 14:48:03,904 - BasePage - INFO - Had find the element '  ' successful by xpath via value: /html/body/table/tbody/tr/td/div/div[2]/div[3]/form/div/div[1]/input 
2019-12-18 14:48:03,904 - BasePage - INFO - Had find the element '  ' successful by xpath via value: /html/body/table/tbody/tr/td/div/div[2]/div[3]/form/div/div[1]/input 
2019-12-18 14:48:03,916 - BasePage - INFO - The element '  ' was clicked.
2019-12-18 14:48:03,916 - BasePage - INFO - The element '  ' was clicked.
