2019-12-18 14:44:59,425 - root - INFO - you had select Chrome browser.
2019-12-18 14:44:59,425 - root - INFO - The test URL is: http://bing.com
2019-12-18 14:45:04,576 - root - INFO - Open url: http://bing.com
2019-12-18 14:45:04,580 - root - INFO - Set implicitly wait 10 seconds.
2019-12-18 14:45:04,687 - BasePage - INFO - Had find the element '  ' successful by xpath via value: //*[@id="sb_form_q"] 
2019-12-18 14:45:04,687 - BasePage - INFO - Had find the element '  ' successful by xpath via value: //*[@id="sb_form_q"] 
2019-12-18 14:45:05,039 - BasePage - INFO - Had type ' selenium ' in inputBox
2019-12-18 14:45:05,039 - BasePage - INFO - Had type ' selenium ' in inputBox
2019-12-18 14:45:05,083 - BasePage - INFO - Had find the element '  ' successful by xpath via value: //*[@id="sb_form_q"] 
2019-12-18 14:45:05,083 - BasePage - INFO - Had find the element '  ' successful by xpath via value: //*[@id="sb_form_q"] 
2019-12-18 14:45:05,164 - BasePage - INFO - Clear text in input box before typing.
2019-12-18 14:45:05,164 - BasePage - INFO - Clear text in input box before typing.
2019-12-18 14:45:05,298 - BasePage - INFO - Had find the element ' 国际版 ' successful by id via value: est_en 
2019-12-18 14:45:05,298 - BasePage - INFO - Had find the element ' 国际版 ' successful by id via value: est_en 
2019-12-18 14:45:05,315 - BasePage - INFO - The element ' 国际版 ' was clicked.
2019-12-18 14:45:05,315 - BasePage - INFO - The element ' 国际版 ' was clicked.
2019-12-18 14:45:09,194 - BasePage - INFO - Had find the element '  ' successful by xpath via value: //*[@id="sb_form_q"] 
2019-12-18 14:45:09,194 - BasePage - INFO - Had find the element '  ' successful by xpath via value: //*[@id="sb_form_q"] 
2019-12-18 14:45:09,345 - BasePage - INFO - Had type ' python ' in inputBox
2019-12-18 14:45:09,345 - BasePage - INFO - Had type ' python ' in inputBox
2019-12-18 14:45:09,401 - BasePage - INFO - Had find the element '  ' successful by xpath via value: /html/body/table/tbody/tr/td/div/div[2]/div[3]/form/div/div[1]/input 
2019-12-18 14:45:09,401 - BasePage - INFO - Had find the element '  ' successful by xpath via value: /html/body/table/tbody/tr/td/div/div[2]/div[3]/form/div/div[1]/input 
2019-12-18 14:45:09,426 - BasePage - INFO - The element '  ' was clicked.
2019-12-18 14:45:09,426 - BasePage - INFO - The element '  ' was clicked.
