2019-12-20 16:03:11,749 - BrowserEngine - INFO - you had select Chrome browser.
2019-12-20 16:03:11,749 - BrowserEngine - INFO - The test URL is: http://bing.com
2019-12-20 16:03:15,863 - BrowserEngine - INFO - Open url: http://bing.com
2019-12-20 16:03:15,867 - BrowserEngine - INFO - Set implicitly wait 10 seconds.
2019-12-20 16:03:15,963 - BasePage - INFO - Had find the element ' 学术 ' successful by xpath via value: //*[@id="scpl2"] 
2019-12-20 16:03:15,970 - BasePage - INFO - The element ' 学术 ' was clicked.
2019-12-20 16:03:18,978 - BasePage - INFO - Sleep for 2 seconds
2019-12-20 16:03:22,298 - BrowserEngine - INFO - you had select Chrome browser.
2019-12-20 16:03:22,298 - BrowserEngine - INFO - The test URL is: http://bing.com
2019-12-20 16:03:26,852 - BrowserEngine - INFO - Open url: http://bing.com
2019-12-20 16:03:26,856 - BrowserEngine - INFO - Set implicitly wait 10 seconds.
2019-12-20 16:03:26,900 - BasePage - INFO - Had find the element ' 地图 ' successful by xpath via value: //*[@id="scpl4"] 
2019-12-20 16:03:26,916 - BasePage - INFO - The element ' 地图 ' was clicked.
2019-12-20 16:03:37,980 - BasePage - INFO - Sleep for 2 seconds
2019-12-20 16:03:41,115 - BrowserEngine - INFO - you had select Chrome browser.
2019-12-20 16:03:41,115 - BrowserEngine - INFO - The test URL is: http://bing.com
2019-12-20 16:03:46,769 - BrowserEngine - INFO - Open url: http://bing.com
2019-12-20 16:03:46,773 - BrowserEngine - INFO - Set implicitly wait 10 seconds.
2019-12-20 16:03:46,825 - BasePage - INFO - Had find the element '  ' successful by xpath via value: //*[@id="sb_form_q"] 
2019-12-20 16:03:47,151 - BasePage - INFO - Had type ' selenium ' in inputBox
2019-12-20 16:03:47,187 - BasePage - INFO - Had find the element '  ' successful by xpath via value: //*[@id="sb_form_q"] 
2019-12-20 16:03:47,228 - BasePage - INFO - Clear text in input box before typing.
2019-12-20 16:03:47,294 - BasePage - INFO - Had find the element ' 国际版 ' successful by id via value: est_en 
2019-12-20 16:03:47,325 - BasePage - INFO - The element ' 国际版 ' was clicked.
2019-12-20 16:03:48,298 - BasePage - INFO - Had find the element '  ' successful by xpath via value: //*[@id="sb_form_q"] 
2019-12-20 16:03:48,482 - BasePage - INFO - Had type ' python ' in inputBox
2019-12-20 16:03:48,512 - BasePage - INFO - Had find the element '  ' successful by xpath via value: /html/body/table/tbody/tr/td/div/div[2]/div[3]/form/div/div[1]/input 
2019-12-20 16:03:48,528 - BasePage - INFO - The element '  ' was clicked.
2019-12-20 16:03:53,583 - BasePage - INFO - Had take screenshot and save to folder : /screenshots
