2019-12-18 11:49:52,637 - root - INFO - you had select Chrome browser.
2019-12-18 11:49:52,637 - root - INFO - The test URL is: http://bing.com
2019-12-18 11:49:56,248 - root - INFO - Open url: http://bing.com
2019-12-18 11:49:56,250 - root - INFO - Set implicitly wait 10 seconds.
2019-12-18 11:49:56,314 - BasePage - INFO - Had find the element '  ' successful by xpath via value: //*[@id="sb_form_q"] 
2019-12-18 11:49:56,314 - BasePage - INFO - Had find the element '  ' successful by xpath via value: //*[@id="sb_form_q"] 
2019-12-18 11:49:56,490 - BasePage - INFO - Had type ' selenium ' in inputBox
2019-12-18 11:49:56,490 - BasePage - INFO - Had type ' selenium ' in inputBox
2019-12-18 11:49:56,537 - BasePage - INFO - Had find the element '  ' successful by xpath via value: //*[@id="sb_form_q"] 
2019-12-18 11:49:56,537 - BasePage - INFO - Had find the element '  ' successful by xpath via value: //*[@id="sb_form_q"] 
2019-12-18 11:49:56,548 - BasePage - INFO - Clear text in input box before typing.
2019-12-18 11:49:56,548 - BasePage - INFO - Clear text in input box before typing.
2019-12-18 11:49:56,614 - BasePage - INFO - Had find the element ' 国际版 ' successful by id via value: est_en 
2019-12-18 11:49:56,614 - BasePage - INFO - Had find the element ' 国际版 ' successful by id via value: est_en 
2019-12-18 11:49:56,623 - BasePage - INFO - The element ' 国际版 ' was clicked.
2019-12-18 11:49:56,623 - BasePage - INFO - The element ' 国际版 ' was clicked.
2019-12-18 11:49:57,991 - BasePage - INFO - Had find the element '  ' successful by xpath via value: //*[@id="sb_form_q"] 
2019-12-18 11:49:57,991 - BasePage - INFO - Had find the element '  ' successful by xpath via value: //*[@id="sb_form_q"] 
2019-12-18 11:49:58,081 - BasePage - INFO - Had type ' python ' in inputBox
2019-12-18 11:49:58,081 - BasePage - INFO - Had type ' python ' in inputBox
2019-12-18 11:49:58,151 - BasePage - INFO - Had find the element '  ' successful by xpath via value: /html/body/table/tbody/tr/td/div/div[2]/div[3]/form/div/div[1]/input 
2019-12-18 11:49:58,151 - BasePage - INFO - Had find the element '  ' successful by xpath via value: /html/body/table/tbody/tr/td/div/div[2]/div[3]/form/div/div[1]/input 
2019-12-18 11:49:58,163 - BasePage - INFO - The element '  ' was clicked.
2019-12-18 11:49:58,163 - BasePage - INFO - The element '  ' was clicked.
2019-12-18 11:50:02,443 - BasePage - INFO - Had take screenshot and save to folder : /screenshots
2019-12-18 11:50:02,443 - BasePage - INFO - Had take screenshot and save to folder : /screenshots
