2019-12-18 11:37:09,360 - root - INFO - you had select Chrome browser.
2019-12-18 11:37:09,361 - root - INFO - The test URL is: http://bing.com
2019-12-18 11:37:13,834 - root - INFO - Open url: http://bing.com
2019-12-18 11:37:13,836 - root - INFO - Set implicitly wait 10 seconds.
2019-12-18 11:37:13,918 - BasePage - INFO - Had find the element '  ' successful by xpath via value: //*[@id="sb_form_q"] 
2019-12-18 11:37:13,918 - BasePage - INFO - Had find the element '  ' successful by xpath via value: //*[@id="sb_form_q"] 
2019-12-18 11:37:14,312 - BasePage - INFO - Had type ' selenium ' in inputBox
2019-12-18 11:37:14,312 - BasePage - INFO - Had type ' selenium ' in inputBox
2019-12-18 11:37:14,520 - BasePage - INFO - Had find the element '  ' successful by xpath via value: //*[@id="sb_form_q"] 
2019-12-18 11:37:14,520 - BasePage - INFO - Had find the element '  ' successful by xpath via value: //*[@id="sb_form_q"] 
2019-12-18 11:37:14,534 - BasePage - INFO - Clear text in input box before typing.
2019-12-18 11:37:14,534 - BasePage - INFO - Clear text in input box before typing.
2019-12-18 11:37:14,686 - BasePage - INFO - Had find the element ' 国际版 ' successful by id via value: est_en 
2019-12-18 11:37:14,686 - BasePage - INFO - Had find the element ' 国际版 ' successful by id via value: est_en 
2019-12-18 11:37:14,726 - BasePage - INFO - The element ' 国际版 ' was clicked.
2019-12-18 11:37:14,726 - BasePage - INFO - The element ' 国际版 ' was clicked.
2019-12-18 11:37:15,435 - BasePage - INFO - Had find the element '  ' successful by xpath via value: //*[@id="sb_form_q"] 
2019-12-18 11:37:15,435 - BasePage - INFO - Had find the element '  ' successful by xpath via value: //*[@id="sb_form_q"] 
2019-12-18 11:37:15,606 - BasePage - INFO - Had type ' python ' in inputBox
2019-12-18 11:37:15,606 - BasePage - INFO - Had type ' python ' in inputBox
2019-12-18 11:37:15,676 - BasePage - INFO - Had find the element '  ' successful by xpath via value: /html/body/table/tbody/tr/td/div/div[2]/div[3]/form/div/div[1]/input 
2019-12-18 11:37:15,676 - BasePage - INFO - Had find the element '  ' successful by xpath via value: /html/body/table/tbody/tr/td/div/div[2]/div[3]/form/div/div[1]/input 
2019-12-18 11:37:15,709 - BasePage - INFO - The element '  ' was clicked.
2019-12-18 11:37:15,709 - BasePage - INFO - The element '  ' was clicked.
