2019-12-20 16:00:19,416 - BrowserEngine - INFO - you had select Chrome browser.
2019-12-20 16:00:19,416 - BrowserEngine - INFO - The test URL is: http://bing.com
2019-12-20 16:00:22,699 - BrowserEngine - INFO - Open url: http://bing.com
2019-12-20 16:00:22,701 - BrowserEngine - INFO - Set implicitly wait 10 seconds.
2019-12-20 16:00:22,792 - BasePage - INFO - Had find the element ' 学术 ' successful by xpath via value: //*[@id="scpl2"] 
2019-12-20 16:00:22,800 - BasePage - INFO - The element ' 学术 ' was clicked.
2019-12-20 16:00:26,314 - BasePage - INFO - Sleep for 2 seconds
2019-12-20 16:00:29,580 - BrowserEngine - INFO - you had select Chrome browser.
2019-12-20 16:00:29,581 - BrowserEngine - INFO - The test URL is: http://bing.com
2019-12-20 16:00:35,632 - BrowserEngine - INFO - Open url: http://bing.com
2019-12-20 16:00:35,633 - BrowserEngine - INFO - Set implicitly wait 10 seconds.
2019-12-20 16:00:35,674 - BasePage - INFO - Had find the element ' 地图 ' successful by xpath via value: //*[@id="scpl4"] 
2019-12-20 16:00:35,738 - BasePage - INFO - The element ' 地图 ' was clicked.
2019-12-20 16:00:42,349 - BasePage - INFO - Sleep for 2 seconds
2019-12-20 16:00:46,356 - BasePage - INFO - Had take screenshot and save to folder : /screenshots
2019-12-20 16:00:49,519 - BrowserEngine - INFO - you had select Chrome browser.
2019-12-20 16:00:49,520 - BrowserEngine - INFO - The test URL is: http://bing.com
2019-12-20 16:00:55,904 - BrowserEngine - INFO - Open url: http://bing.com
2019-12-20 16:00:55,905 - BrowserEngine - INFO - Set implicitly wait 10 seconds.
2019-12-20 16:00:55,935 - BasePage - INFO - Had find the element '  ' successful by xpath via value: //*[@id="sb_form_q"] 
2019-12-20 16:00:56,069 - BasePage - INFO - Had type ' selenium ' in inputBox
2019-12-20 16:00:56,086 - BasePage - INFO - Had find the element '  ' successful by xpath via value: //*[@id="sb_form_q"] 
2019-12-20 16:00:56,095 - BasePage - INFO - Clear text in input box before typing.
2019-12-20 16:00:56,180 - BasePage - INFO - Had find the element ' 国际版 ' successful by id via value: est_en 
2019-12-20 16:00:56,196 - BasePage - INFO - The element ' 国际版 ' was clicked.
2019-12-20 16:01:02,757 - BasePage - INFO - Had find the element '  ' successful by xpath via value: //*[@id="sb_form_q"] 
2019-12-20 16:01:02,827 - BasePage - INFO - Had type ' python ' in inputBox
2019-12-20 16:01:02,862 - BasePage - INFO - Had find the element '  ' successful by xpath via value: /html/body/table/tbody/tr/td/div/div[2]/div[3]/form/div/div[1]/input 
2019-12-20 16:01:02,870 - BasePage - INFO - The element '  ' was clicked.
2019-12-20 16:01:14,913 - BasePage - INFO - Had take screenshot and save to folder : /screenshots
