2019-12-17 20:55:00,100 - root - INFO - you had select Chrome browser.
2019-12-17 20:55:00,100 - root - INFO - The test URL is: http://bing.com
2019-12-17 20:55:03,367 - root - INFO - Open url: http://bing.com
2019-12-17 20:55:03,369 - root - INFO - Set implicitly wait 10 seconds.
2019-12-17 20:55:03,467 - BasePage - INFO - Had find the element '  ' successful by id via value: sb_form_q 
2019-12-17 20:55:03,467 - BasePage - INFO - Had find the element '  ' successful by id via value: sb_form_q 
2019-12-17 20:55:03,631 - BasePage - INFO - Had type ' selenium ' in inputBox
2019-12-17 20:55:03,631 - BasePage - INFO - Had type ' selenium ' in inputBox
2019-12-17 20:55:07,929 - BasePage - INFO - Had take screenshot and save to folder : /screenshots
2019-12-17 20:55:07,929 - BasePage - INFO - Had take screenshot and save to folder : /screenshots
2019-12-17 20:55:44,885 - root - INFO - you had select Chrome browser.
2019-12-17 20:55:44,886 - root - INFO - The test URL is: http://bing.com
2019-12-17 20:55:47,958 - root - INFO - Open url: http://bing.com
2019-12-17 20:55:47,960 - root - INFO - Set implicitly wait 10 seconds.
2019-12-17 20:55:47,999 - BasePage - INFO - Had find the element '  ' successful by id via value: sb_form_q 
2019-12-17 20:55:47,999 - BasePage - INFO - Had find the element '  ' successful by id via value: sb_form_q 
2019-12-17 20:55:48,227 - BasePage - INFO - Had type ' selenium ' in inputBox
2019-12-17 20:55:48,227 - BasePage - INFO - Had type ' selenium ' in inputBox
2019-12-17 20:55:53,380 - BasePage - INFO - Had take screenshot and save to folder : /screenshots
2019-12-17 20:55:53,380 - BasePage - INFO - Had take screenshot and save to folder : /screenshots
