2019-12-18 11:43:04,255 - root - INFO - you had select Chrome browser.
2019-12-18 11:43:04,255 - root - INFO - The test URL is: http://bing.com
2019-12-18 11:43:07,951 - root - INFO - Open url: http://bing.com
2019-12-18 11:43:07,953 - root - INFO - Set implicitly wait 10 seconds.
2019-12-18 11:43:07,988 - BasePage - INFO - Had find the element '  ' successful by xpath via value: //*[@id="sb_form_q"] 
2019-12-18 11:43:07,988 - BasePage - INFO - Had find the element '  ' successful by xpath via value: //*[@id="sb_form_q"] 
2019-12-18 11:43:08,116 - BasePage - INFO - Had type ' selenium ' in inputBox
2019-12-18 11:43:08,116 - BasePage - INFO - Had type ' selenium ' in inputBox
2019-12-18 11:43:08,132 - BasePage - INFO - Had find the element '  ' successful by xpath via value: //*[@id="sb_form_q"] 
2019-12-18 11:43:08,132 - BasePage - INFO - Had find the element '  ' successful by xpath via value: //*[@id="sb_form_q"] 
2019-12-18 11:43:08,140 - BasePage - INFO - Clear text in input box before typing.
2019-12-18 11:43:08,140 - BasePage - INFO - Clear text in input box before typing.
2019-12-18 11:43:08,187 - BasePage - INFO - Had find the element ' 国际版 ' successful by id via value: est_en 
2019-12-18 11:43:08,187 - BasePage - INFO - Had find the element ' 国际版 ' successful by id via value: est_en 
2019-12-18 11:43:08,196 - BasePage - INFO - The element ' 国际版 ' was clicked.
2019-12-18 11:43:08,196 - BasePage - INFO - The element ' 国际版 ' was clicked.
2019-12-18 11:43:10,260 - BasePage - INFO - Had find the element '  ' successful by xpath via value: //*[@id="sb_form_q"] 
2019-12-18 11:43:10,260 - BasePage - INFO - Had find the element '  ' successful by xpath via value: //*[@id="sb_form_q"] 
2019-12-18 11:43:10,370 - BasePage - INFO - Had type ' python ' in inputBox
2019-12-18 11:43:10,370 - BasePage - INFO - Had type ' python ' in inputBox
2019-12-18 11:43:10,415 - BasePage - INFO - Had find the element '  ' successful by xpath via value: /html/body/table/tbody/tr/td/div/div[2]/div[3]/form/div/div[1]/input 
2019-12-18 11:43:10,415 - BasePage - INFO - Had find the element '  ' successful by xpath via value: /html/body/table/tbody/tr/td/div/div[2]/div[3]/form/div/div[1]/input 
2019-12-18 11:43:10,432 - BasePage - INFO - The element '  ' was clicked.
2019-12-18 11:43:10,432 - BasePage - INFO - The element '  ' was clicked.
2019-12-18 11:43:14,572 - urllib3.connectionpool - WARNING - Retrying (Retry(total=2, connect=None, read=None, redirect=None, status=None)) after connection broken by 'ProtocolError('Connection aborted.', RemoteDisconnected('Remote end closed connection without response'))': /session/e7846a433ce998de455b46dde36e857c/screenshot
2019-12-18 11:43:14,574 - urllib3.connectionpool - WARNING - Retrying (Retry(total=1, connect=None, read=None, redirect=None, status=None)) after connection broken by 'NewConnectionError('<urllib3.connection.HTTPConnection object at 0x103109890>: Failed to establish a new connection: [Errno 61] Connection refused')': /session/e7846a433ce998de455b46dde36e857c/screenshot
2019-12-18 11:43:14,576 - urllib3.connectionpool - WARNING - Retrying (Retry(total=0, connect=None, read=None, redirect=None, status=None)) after connection broken by 'NewConnectionError('<urllib3.connection.HTTPConnection object at 0x103109410>: Failed to establish a new connection: [Errno 61] Connection refused')': /session/e7846a433ce998de455b46dde36e857c/screenshot
2019-12-18 11:43:14,579 - urllib3.connectionpool - WARNING - Retrying (Retry(total=2, connect=None, read=None, redirect=None, status=None)) after connection broken by 'NewConnectionError('<urllib3.connection.HTTPConnection object at 0x103109c10>: Failed to establish a new connection: [Errno 61] Connection refused')': /session/e7846a433ce998de455b46dde36e857c
2019-12-18 11:43:14,580 - urllib3.connectionpool - WARNING - Retrying (Retry(total=1, connect=None, read=None, redirect=None, status=None)) after connection broken by 'NewConnectionError('<urllib3.connection.HTTPConnection object at 0x1032a6550>: Failed to establish a new connection: [Errno 61] Connection refused')': /session/e7846a433ce998de455b46dde36e857c
2019-12-18 11:43:14,584 - urllib3.connectionpool - WARNING - Retrying (Retry(total=0, connect=None, read=None, redirect=None, status=None)) after connection broken by 'NewConnectionError('<urllib3.connection.HTTPConnection object at 0x1032a6610>: Failed to establish a new connection: [Errno 61] Connection refused')': /session/e7846a433ce998de455b46dde36e857c
2019-12-18 11:43:44,860 - root - INFO - you had select Chrome browser.
2019-12-18 11:43:44,860 - root - INFO - The test URL is: http://bing.com
2019-12-18 11:43:50,342 - root - INFO - Open url: http://bing.com
2019-12-18 11:43:50,354 - root - INFO - Set implicitly wait 10 seconds.
2019-12-18 11:43:50,422 - BasePage - INFO - Had find the element '  ' successful by xpath via value: //*[@id="sb_form_q"] 
2019-12-18 11:43:50,422 - BasePage - INFO - Had find the element '  ' successful by xpath via value: //*[@id="sb_form_q"] 
2019-12-18 11:43:50,632 - BasePage - INFO - Had type ' selenium ' in inputBox
2019-12-18 11:43:50,632 - BasePage - INFO - Had type ' selenium ' in inputBox
2019-12-18 11:43:50,718 - BasePage - INFO - Had find the element '  ' successful by xpath via value: //*[@id="sb_form_q"] 
2019-12-18 11:43:50,718 - BasePage - INFO - Had find the element '  ' successful by xpath via value: //*[@id="sb_form_q"] 
2019-12-18 11:43:50,734 - BasePage - INFO - Clear text in input box before typing.
2019-12-18 11:43:50,734 - BasePage - INFO - Clear text in input box before typing.
2019-12-18 11:43:50,777 - BasePage - INFO - Had find the element ' 国际版 ' successful by id via value: est_en 
2019-12-18 11:43:50,777 - BasePage - INFO - Had find the element ' 国际版 ' successful by id via value: est_en 
2019-12-18 11:43:50,792 - BasePage - INFO - The element ' 国际版 ' was clicked.
2019-12-18 11:43:50,792 - BasePage - INFO - The element ' 国际版 ' was clicked.
2019-12-18 11:43:51,576 - BasePage - INFO - Had find the element '  ' successful by xpath via value: //*[@id="sb_form_q"] 
2019-12-18 11:43:51,576 - BasePage - INFO - Had find the element '  ' successful by xpath via value: //*[@id="sb_form_q"] 
2019-12-18 11:43:51,778 - BasePage - INFO - Had type ' python ' in inputBox
2019-12-18 11:43:51,778 - BasePage - INFO - Had type ' python ' in inputBox
2019-12-18 11:43:51,876 - BasePage - INFO - Had find the element '  ' successful by xpath via value: /html/body/table/tbody/tr/td/div/div[2]/div[3]/form/div/div[1]/input 
2019-12-18 11:43:51,876 - BasePage - INFO - Had find the element '  ' successful by xpath via value: /html/body/table/tbody/tr/td/div/div[2]/div[3]/form/div/div[1]/input 
2019-12-18 11:43:51,945 - BasePage - INFO - The element '  ' was clicked.
2019-12-18 11:43:51,945 - BasePage - INFO - The element '  ' was clicked.
