2019-12-18 14:38:08,653 - root - INFO - you had select Chrome browser.
2019-12-18 14:38:08,653 - root - INFO - The test URL is: http://bing.com
2019-12-18 14:38:24,706 - root - INFO - Open url: http://bing.com
2019-12-18 14:38:24,731 - root - INFO - Set implicitly wait 10 seconds.
2019-12-18 14:38:24,893 - BasePage - INFO - Had find the element '  ' successful by xpath via value: //*[@id="sb_form_q"] 
2019-12-18 14:38:24,893 - BasePage - INFO - Had find the element '  ' successful by xpath via value: //*[@id="sb_form_q"] 
2019-12-18 14:38:25,379 - BasePage - INFO - Had type ' selenium ' in inputBox
2019-12-18 14:38:25,379 - BasePage - INFO - Had type ' selenium ' in inputBox
2019-12-18 14:38:25,431 - BasePage - INFO - Had find the element '  ' successful by xpath via value: //*[@id="sb_form_q"] 
2019-12-18 14:38:25,431 - BasePage - INFO - Had find the element '  ' successful by xpath via value: //*[@id="sb_form_q"] 
2019-12-18 14:38:25,442 - BasePage - INFO - Clear text in input box before typing.
2019-12-18 14:38:25,442 - BasePage - INFO - Clear text in input box before typing.
2019-12-18 14:38:25,491 - BasePage - INFO - Had find the element ' 国际版 ' successful by id via value: est_en 
2019-12-18 14:38:25,491 - BasePage - INFO - Had find the element ' 国际版 ' successful by id via value: est_en 
2019-12-18 14:38:25,603 - BasePage - INFO - The element ' 国际版 ' was clicked.
2019-12-18 14:38:25,603 - BasePage - INFO - The element ' 国际版 ' was clicked.
2019-12-18 14:38:26,426 - BasePage - INFO - Had find the element '  ' successful by xpath via value: //*[@id="sb_form_q"] 
2019-12-18 14:38:26,426 - BasePage - INFO - Had find the element '  ' successful by xpath via value: //*[@id="sb_form_q"] 
2019-12-18 14:38:26,567 - BasePage - INFO - Had type ' python ' in inputBox
2019-12-18 14:38:26,567 - BasePage - INFO - Had type ' python ' in inputBox
2019-12-18 14:38:26,610 - BasePage - INFO - Had find the element '  ' successful by xpath via value: /html/body/table/tbody/tr/td/div/div[2]/div[3]/form/div/div[1]/input 
2019-12-18 14:38:26,610 - BasePage - INFO - Had find the element '  ' successful by xpath via value: /html/body/table/tbody/tr/td/div/div[2]/div[3]/form/div/div[1]/input 
2019-12-18 14:38:26,774 - BasePage - INFO - The element '  ' was clicked.
2019-12-18 14:38:26,774 - BasePage - INFO - The element '  ' was clicked.
