2019-12-20 16:04:19,897 - BrowserEngine - INFO - you had select Chrome browser.
2019-12-20 16:04:19,897 - BrowserEngine - INFO - The test URL is: http://bing.com
2019-12-20 16:04:24,810 - BrowserEngine - INFO - Open url: http://bing.com
2019-12-20 16:04:24,814 - BrowserEngine - INFO - Set implicitly wait 10 seconds.
2019-12-20 16:04:24,888 - BasePage - INFO - Had find the element ' 学术 ' successful by xpath via value: //*[@id="scpl2"] 
2019-12-20 16:04:24,902 - BasePage - INFO - The element ' 学术 ' was clicked.
2019-12-20 16:04:28,254 - BasePage - INFO - Sleep for 2 seconds
2019-12-20 16:04:31,604 - BrowserEngine - INFO - you had select Chrome browser.
2019-12-20 16:04:31,604 - BrowserEngine - INFO - The test URL is: http://bing.com
2019-12-20 16:04:35,858 - BrowserEngine - INFO - Open url: http://bing.com
2019-12-20 16:04:35,860 - BrowserEngine - INFO - Set implicitly wait 10 seconds.
2019-12-20 16:04:35,897 - BasePage - INFO - Had find the element ' 地图 ' successful by xpath via value: //*[@id="scpl4"] 
2019-12-20 16:04:35,949 - BasePage - INFO - The element ' 地图 ' was clicked.
2019-12-20 16:04:40,895 - BasePage - INFO - Sleep for 2 seconds
2019-12-20 16:04:43,985 - BrowserEngine - INFO - you had select Chrome browser.
2019-12-20 16:04:43,985 - BrowserEngine - INFO - The test URL is: http://bing.com
2019-12-20 16:04:47,242 - BrowserEngine - INFO - Open url: http://bing.com
2019-12-20 16:04:47,249 - BrowserEngine - INFO - Set implicitly wait 10 seconds.
2019-12-20 16:04:47,364 - BasePage - INFO - Had find the element '  ' successful by xpath via value: //*[@id="sb_form_q"] 
2019-12-20 16:04:47,597 - BasePage - INFO - Had type ' selenium ' in inputBox
2019-12-20 16:04:47,628 - BasePage - INFO - Had find the element '  ' successful by xpath via value: //*[@id="sb_form_q"] 
2019-12-20 16:04:47,641 - BasePage - INFO - Clear text in input box before typing.
2019-12-20 16:04:47,705 - BasePage - INFO - Had find the element ' 国际版 ' successful by id via value: est_en 
2019-12-20 16:04:47,714 - BasePage - INFO - The element ' 国际版 ' was clicked.
2019-12-20 16:04:48,803 - BasePage - INFO - Had find the element '  ' successful by xpath via value: //*[@id="sb_form_q"] 
2019-12-20 16:04:48,926 - BasePage - INFO - Had type ' python ' in inputBox
2019-12-20 16:04:48,977 - BasePage - INFO - Had find the element '  ' successful by xpath via value: /html/body/table/tbody/tr/td/div/div[2]/div[3]/form/div/div[1]/input 
2019-12-20 16:04:48,996 - BasePage - INFO - The element '  ' was clicked.
2019-12-20 16:04:54,373 - BasePage - INFO - Had take screenshot and save to folder : /screenshots
