2019-12-20 16:27:59,240 - BrowserEngine - INFO - you had select Chrome browser.
2019-12-20 16:27:59,241 - BrowserEngine - INFO - The test URL is: http://bing.com
2019-12-20 16:28:04,407 - BrowserEngine - INFO - Open url: http://bing.com
2019-12-20 16:28:04,409 - BrowserEngine - INFO - Set implicitly wait 10 seconds.
2019-12-20 16:28:04,440 - BasePage - INFO - Had find the element ' 学术 ' successful by xpath via value: //*[@id="scpl2"] 
2019-12-20 16:28:04,447 - BasePage - INFO - The element ' 学术 ' was clicked.
2019-12-20 16:28:12,083 - BasePage - INFO - Sleep for 2 seconds
2019-12-20 16:28:15,360 - BrowserEngine - INFO - you had select Chrome browser.
2019-12-20 16:28:15,361 - BrowserEngine - INFO - The test URL is: http://bing.com
2019-12-20 16:28:20,893 - BrowserEngine - INFO - Open url: http://bing.com
2019-12-20 16:28:20,895 - BrowserEngine - INFO - Set implicitly wait 10 seconds.
2019-12-20 16:28:20,950 - BasePage - INFO - Had find the element ' 地图 ' successful by xpath via value: //*[@id="scpl4"] 
2019-12-20 16:28:20,959 - BasePage - INFO - The element ' 地图 ' was clicked.
2019-12-20 16:28:33,203 - BasePage - INFO - Sleep for 2 seconds
2019-12-20 16:28:36,344 - BrowserEngine - INFO - you had select Chrome browser.
2019-12-20 16:28:36,344 - BrowserEngine - INFO - The test URL is: http://bing.com
2019-12-20 16:28:41,034 - BrowserEngine - INFO - Open url: http://bing.com
2019-12-20 16:28:41,053 - BrowserEngine - INFO - Set implicitly wait 10 seconds.
2019-12-20 16:28:41,182 - BasePage - INFO - Had find the element '  ' successful by xpath via value: //*[@id="sb_form_q"] 
2019-12-20 16:28:41,336 - BasePage - INFO - Had type ' selenium ' in inputBox
2019-12-20 16:28:41,349 - BasePage - INFO - Had find the element '  ' successful by xpath via value: //*[@id="sb_form_q"] 
2019-12-20 16:28:41,365 - BasePage - INFO - Clear text in input box before typing.
2019-12-20 16:28:41,418 - BasePage - INFO - Had find the element ' 国际版 ' successful by id via value: est_en 
2019-12-20 16:28:41,427 - BasePage - INFO - The element ' 国际版 ' was clicked.
2019-12-20 16:28:47,469 - BasePage - INFO - Had find the element '  ' successful by xpath via value: //*[@id="sb_form_q"] 
2019-12-20 16:28:47,518 - BasePage - INFO - Had type ' python ' in inputBox
2019-12-20 16:28:47,598 - BasePage - INFO - Had find the element '  ' successful by xpath via value: /html/body/table/tbody/tr/td/div/div[2]/div[3]/form/div/div[1]/input 
2019-12-20 16:28:47,646 - BasePage - INFO - The element '  ' was clicked.
2019-12-20 16:28:58,588 - BasePage - INFO - Had take screenshot and save to folder : /screenshots
