2019-12-19 11:39:07,788 - BrowserEngine - INFO - you had select Chrome browser.
2019-12-19 11:39:07,788 - BrowserEngine - INFO - The test URL is: http://bing.com
2019-12-19 11:39:15,766 - BrowserEngine - INFO - Open url: http://bing.com
2019-12-19 11:39:15,776 - BrowserEngine - INFO - Set implicitly wait 10 seconds.
2019-12-19 11:39:15,833 - BasePage - INFO - Had find the element ' 学术 ' successful by xpath via value: //*[@id="scpl2"] 
2019-12-19 11:39:15,849 - BasePage - INFO - The element ' 学术 ' was clicked.
2019-12-19 11:39:19,982 - BasePage - INFO - Sleep for 2 seconds
2019-12-19 11:39:23,763 - BrowserEngine - INFO - you had select Chrome browser.
2019-12-19 11:39:23,763 - BrowserEngine - INFO - The test URL is: http://bing.com
2019-12-19 11:39:28,158 - BrowserEngine - INFO - Open url: http://bing.com
2019-12-19 11:39:28,159 - BrowserEngine - INFO - Set implicitly wait 10 seconds.
2019-12-19 11:39:28,358 - BrowserEngine - INFO - you had select Chrome browser.
2019-12-19 11:39:28,359 - BrowserEngine - INFO - The test URL is: http://bing.com
2019-12-19 11:39:31,740 - BrowserEngine - INFO - Open url: http://bing.com
2019-12-19 11:39:31,742 - BrowserEngine - INFO - Set implicitly wait 10 seconds.
2019-12-19 11:39:31,782 - BasePage - INFO - Had find the element '  ' successful by xpath via value: //*[@id="sb_form_q"] 
2019-12-19 11:39:31,939 - BasePage - INFO - Had type ' selenium ' in inputBox
2019-12-19 11:39:31,957 - BasePage - INFO - Had find the element '  ' successful by xpath via value: //*[@id="sb_form_q"] 
2019-12-19 11:39:31,974 - BasePage - INFO - Clear text in input box before typing.
2019-12-19 11:39:32,095 - BasePage - INFO - Had find the element ' 国际版 ' successful by id via value: est_en 
2019-12-19 11:39:32,107 - BasePage - INFO - The element ' 国际版 ' was clicked.
2019-12-19 11:39:33,337 - BasePage - INFO - Had find the element '  ' successful by xpath via value: //*[@id="sb_form_q"] 
2019-12-19 11:39:33,492 - BasePage - INFO - Had type ' python ' in inputBox
2019-12-19 11:39:33,528 - BasePage - INFO - Had find the element '  ' successful by xpath via value: /html/body/table/tbody/tr/td/div/div[2]/div[3]/form/div/div[1]/input 
2019-12-19 11:39:33,536 - BasePage - INFO - The element '  ' was clicked.
