2019-12-18 11:47:22,162 - root - INFO - you had select Chrome browser.
2019-12-18 11:47:22,163 - root - INFO - The test URL is: http://bing.com
2019-12-18 11:47:26,074 - root - INFO - Open url: http://bing.com
2019-12-18 11:47:26,076 - root - INFO - Set implicitly wait 10 seconds.
2019-12-18 11:47:26,133 - BasePage - INFO - Had find the element '  ' successful by xpath via value: //*[@id="sb_form_q"] 
2019-12-18 11:47:26,133 - BasePage - INFO - Had find the element '  ' successful by xpath via value: //*[@id="sb_form_q"] 
2019-12-18 11:47:26,447 - BasePage - INFO - Had type ' selenium ' in inputBox
2019-12-18 11:47:26,447 - BasePage - INFO - Had type ' selenium ' in inputBox
2019-12-18 11:47:26,483 - BasePage - INFO - Had find the element '  ' successful by xpath via value: //*[@id="sb_form_q"] 
2019-12-18 11:47:26,483 - BasePage - INFO - Had find the element '  ' successful by xpath via value: //*[@id="sb_form_q"] 
2019-12-18 11:47:26,506 - BasePage - INFO - Clear text in input box before typing.
2019-12-18 11:47:26,506 - BasePage - INFO - Clear text in input box before typing.
2019-12-18 11:47:26,593 - BasePage - INFO - Had find the element ' 国际版 ' successful by id via value: est_en 
2019-12-18 11:47:26,593 - BasePage - INFO - Had find the element ' 国际版 ' successful by id via value: est_en 
2019-12-18 11:47:26,607 - BasePage - INFO - The element ' 国际版 ' was clicked.
2019-12-18 11:47:26,607 - BasePage - INFO - The element ' 国际版 ' was clicked.
2019-12-18 11:47:27,812 - BasePage - INFO - Had find the element '  ' successful by xpath via value: //*[@id="sb_form_q"] 
2019-12-18 11:47:27,812 - BasePage - INFO - Had find the element '  ' successful by xpath via value: //*[@id="sb_form_q"] 
2019-12-18 11:47:27,941 - BasePage - INFO - Had type ' python ' in inputBox
2019-12-18 11:47:27,941 - BasePage - INFO - Had type ' python ' in inputBox
2019-12-18 11:47:27,984 - BasePage - INFO - Had find the element '  ' successful by xpath via value: /html/body/table/tbody/tr/td/div/div[2]/div[3]/form/div/div[1]/input 
2019-12-18 11:47:27,984 - BasePage - INFO - Had find the element '  ' successful by xpath via value: /html/body/table/tbody/tr/td/div/div[2]/div[3]/form/div/div[1]/input 
2019-12-18 11:47:27,993 - BasePage - INFO - The element '  ' was clicked.
2019-12-18 11:47:27,993 - BasePage - INFO - The element '  ' was clicked.
