2019-12-24 17:07:43,043 - BrowserEngine - INFO - you had select Chrome browser.
2019-12-24 17:07:43,043 - BrowserEngine - INFO - The test URL is: http://bing.com
2019-12-24 17:07:58,093 - BrowserEngine - INFO - Open url: http://bing.com
2019-12-24 17:07:58,111 - BrowserEngine - INFO - Set implicitly wait 10 seconds.
2019-12-24 17:07:58,225 - BasePage - INFO - Had find the element ' 学术 ' successful by xpath via value: //*[@id="scpl2"] 
2019-12-24 17:07:58,265 - BasePage - INFO - The element ' 学术 ' was clicked.
2019-12-24 17:08:01,034 - BasePage - INFO - Sleep for 2 seconds
2019-12-24 17:08:04,630 - BrowserEngine - INFO - you had select Chrome browser.
2019-12-24 17:08:04,630 - BrowserEngine - INFO - The test URL is: http://bing.com
2019-12-24 17:08:10,315 - BrowserEngine - INFO - Open url: http://bing.com
2019-12-24 17:08:10,318 - BrowserEngine - INFO - Set implicitly wait 10 seconds.
2019-12-24 17:08:10,351 - BasePage - INFO - Had find the element ' 地图 ' successful by xpath via value: //*[@id="scpl4"] 
2019-12-24 17:08:10,359 - BasePage - INFO - The element ' 地图 ' was clicked.
2019-12-24 17:08:16,671 - BasePage - INFO - Sleep for 2 seconds
2019-12-24 17:08:20,648 - BasePage - INFO - Had take screenshot and save to folder : /screenshots
2019-12-24 17:08:23,888 - BrowserEngine - INFO - you had select Chrome browser.
2019-12-24 17:08:23,888 - BrowserEngine - INFO - The test URL is: http://bing.com
2019-12-24 17:08:28,873 - BrowserEngine - INFO - Open url: http://bing.com
2019-12-24 17:08:28,875 - BrowserEngine - INFO - Set implicitly wait 10 seconds.
2019-12-24 17:08:28,986 - BasePage - INFO - Had find the element '  ' successful by xpath via value: //*[@id="sb_form_q"] 
2019-12-24 17:08:29,322 - BasePage - INFO - Had type ' selenium ' in inputBox
2019-12-24 17:08:29,374 - BasePage - INFO - Had find the element '  ' successful by xpath via value: //*[@id="sb_form_q"] 
2019-12-24 17:08:29,414 - BasePage - INFO - Clear text in input box before typing.
2019-12-24 17:08:29,507 - BasePage - INFO - Had find the element ' 国际版 ' successful by id via value: est_en 
2019-12-24 17:08:29,518 - BasePage - INFO - The element ' 国际版 ' was clicked.
2019-12-24 17:08:30,158 - BasePage - INFO - Had find the element '  ' successful by xpath via value: //*[@id="sb_form_q"] 
2019-12-24 17:08:30,270 - BasePage - INFO - Had type ' python ' in inputBox
2019-12-24 17:08:30,325 - BasePage - INFO - Had find the element '  ' successful by xpath via value: /html/body/table/tbody/tr/td/div/div[2]/div[3]/form/div/div[1]/input 
2019-12-24 17:08:30,342 - BasePage - INFO - The element '  ' was clicked.
